C:\Users\utkarshgoyal\source\repos\Casino\Casino\src\app\user\user.js
C:\Users\utkarshgoyal\source\repos\Casino\Casino\src\app\user\user.js.map
C:\Users\utkarshgoyal\source\repos\Casino\Casino\src\app\user\user-search.js
C:\Users\utkarshgoyal\source\repos\Casino\Casino\src\app\user\user-search.js.map
C:\Users\utkarshgoyal\source\repos\Casino\Casino\src\app\user\user.service.js
C:\Users\utkarshgoyal\source\repos\Casino\Casino\src\app\user\user.service.js.map
C:\Users\utkarshgoyal\source\repos\Casino\Casino\src\app\user\user-list.component.js
C:\Users\utkarshgoyal\source\repos\Casino\Casino\src\app\user\user-list.component.js.map
C:\Users\utkarshgoyal\source\repos\Casino\Casino\src\app\user\user-register.component.js
C:\Users\utkarshgoyal\source\repos\Casino\Casino\src\app\user\user-register.component.js.map
C:\Users\utkarshgoyal\source\repos\Casino\Casino\src\app\user\user-login.component.js
C:\Users\utkarshgoyal\source\repos\Casino\Casino\src\app\user\user-login.component.js.map
C:\Users\utkarshgoyal\source\repos\Casino\Casino\src\app\user\user-recharge.component.js
C:\Users\utkarshgoyal\source\repos\Casino\Casino\src\app\user\user-recharge.component.js.map
C:\Users\utkarshgoyal\source\repos\Casino\Casino\src\app\user\roulette.js
C:\Users\utkarshgoyal\source\repos\Casino\Casino\src\app\user\roulette.js.map
C:\Users\utkarshgoyal\source\repos\Casino\Casino\src\app\user\user-roulette.component.js
C:\Users\utkarshgoyal\source\repos\Casino\Casino\src\app\user\user-roulette.component.js.map
C:\Users\utkarshgoyal\source\repos\Casino\Casino\src\app\app.component.js
C:\Users\utkarshgoyal\source\repos\Casino\Casino\src\app\app.component.js.map
C:\Users\utkarshgoyal\source\repos\Casino\Casino\src\app\user\user-roulette-win.component.js
C:\Users\utkarshgoyal\source\repos\Casino\Casino\src\app\user\user-roulette-win.component.js.map
C:\Users\utkarshgoyal\source\repos\Casino\Casino\src\app\app-routing.module.js
C:\Users\utkarshgoyal\source\repos\Casino\Casino\src\app\app-routing.module.js.map
C:\Users\utkarshgoyal\source\repos\Casino\Casino\src\app\app.module.js
C:\Users\utkarshgoyal\source\repos\Casino\Casino\src\app\app.module.js.map
C:\Users\utkarshgoyal\source\repos\Casino\Casino\src\main.js
C:\Users\utkarshgoyal\source\repos\Casino\Casino\src\main.js.map
C:\Users\utkarshgoyal\source\repos\Casino\Casino\src\app\app.component.spec.js
C:\Users\utkarshgoyal\source\repos\Casino\Casino\src\app\app.component.spec.js.map
